This file contains any messages produced by compilers while
running configure, to aid debugging if configure makes a mistake.

It was created by rc-unitd configure 0.1.0, which was
generated by GNU Autoconf 2.61.  Invocation command line was

  $ ./configure --enable-cwiid --no-create --no-recursion

## --------- ##
## Platform. ##
## --------- ##

hostname = danomatika
uname -m = i686
uname -r = 2.6.27-7-generic
uname -s = Linux
uname -v = #1 SMP Tue Nov 4 19:33:20 UTC 2008

/usr/bin/uname -p = unknown
/bin/uname -X     = unknown

/bin/arch              = unknown
/usr/bin/arch -k       = unknown
/usr/convex/getsysinfo = unknown
/usr/bin/hostinfo      = unknown
/bin/machine           = unknown
/usr/bin/oslevel       = unknown
/bin/universe          = unknown

PATH: /usr/local/sbin
PATH: /usr/local/bin
PATH: /usr/sbin
PATH: /usr/bin
PATH: /sbin
PATH: /bin
PATH: /usr/games


## ----------- ##
## Core tests. ##
## ----------- ##

configure:1800: checking for a BSD-compatible install
configure:1856: result: /usr/bin/install -c
configure:1867: checking whether build environment is sane
configure:1910: result: yes
configure:1938: checking for a thread-safe mkdir -p
configure:1977: result: /bin/mkdir -p
configure:1990: checking for gawk
configure:2020: result: no
configure:1990: checking for mawk
configure:2006: found /usr/bin/mawk
configure:2017: result: mawk
configure:2028: checking whether make sets $(MAKE)
configure:2049: result: yes
configure:2298: checking for g++
configure:2314: found /usr/bin/g++
configure:2325: result: g++
configure:2356: checking for C++ compiler version
configure:2363: g++ --version >&5
g++ (Ubuntu 4.3.2-1ubuntu11) 4.3.2
Copyright (C) 2008 Free Software Foundation, Inc.
This is free software; see the source for copying conditions.  There is NO
warranty; not even for MERCHANTABILITY or FITNESS FOR A PARTICULAR PURPOSE.

configure:2366: $? = 0
configure:2373: g++ -v >&5
Using built-in specs.
Target: i486-linux-gnu
Configured with: ../src/configure -v --with-pkgversion='Ubuntu 4.3.2-1ubuntu11' --with-bugurl=file:///usr/share/doc/gcc-4.3/README.Bugs --enable-languages=c,c++,fortran,objc,obj-c++ --prefix=/usr --enable-shared --with-system-zlib --libexecdir=/usr/lib --without-included-gettext --enable-threads=posix --enable-nls --with-gxx-include-dir=/usr/include/c++/4.3 --program-suffix=-4.3 --enable-clocale=gnu --enable-libstdcxx-debug --enable-objc-gc --enable-mpfr --enable-targets=all --enable-checking=release --build=i486-linux-gnu --host=i486-linux-gnu --target=i486-linux-gnu
Thread model: posix
gcc version 4.3.2 (Ubuntu 4.3.2-1ubuntu11) 
configure:2376: $? = 0
configure:2383: g++ -V >&5
g++: '-V' option must have argument
configure:2386: $? = 1
configure:2409: checking for C++ compiler default output file name
configure:2436: g++    conftest.cpp  >&5
configure:2439: $? = 0
configure:2477: result: a.out
configure:2494: checking whether the C++ compiler works
configure:2504: ./a.out
configure:2507: $? = 0
configure:2524: result: yes
configure:2531: checking whether we are cross compiling
configure:2533: result: no
configure:2536: checking for suffix of executables
configure:2543: g++ -o conftest    conftest.cpp  >&5
configure:2546: $? = 0
configure:2570: result: 
configure:2576: checking for suffix of object files
configure:2602: g++ -c   conftest.cpp >&5
configure:2605: $? = 0
configure:2628: result: o
configure:2632: checking whether we are using the GNU C++ compiler
configure:2661: g++ -c   conftest.cpp >&5
configure:2667: $? = 0
configure:2684: result: yes
configure:2689: checking whether g++ accepts -g
configure:2719: g++ -c -g  conftest.cpp >&5
configure:2725: $? = 0
configure:2824: result: yes
configure:2858: checking for style of include used by make
configure:2886: result: GNU
configure:2911: checking dependency style of g++
configure:3002: result: gcc3
configure:3060: checking for ranlib
configure:3076: found /usr/bin/ranlib
configure:3087: result: ranlib
configure:3129: checking how to run the C++ preprocessor
configure:3165: g++ -E  conftest.cpp
configure:3171: $? = 0
configure:3202: g++ -E  conftest.cpp
conftest.cpp:10:28: error: ac_nonexistent.h: No such file or directory
configure:3208: $? = 1
configure: failed program was:
| /* confdefs.h.  */
| #define PACKAGE_NAME "rc-unitd"
| #define PACKAGE_TARNAME "rc-unitd"
| #define PACKAGE_VERSION "0.1.0"
| #define PACKAGE_STRING "rc-unitd 0.1.0"
| #define PACKAGE_BUGREPORT "danomatika@gmail.com"
| #define PACKAGE "rc-unitd"
| #define VERSION "0.1.0"
| /* end confdefs.h.  */
| #include <ac_nonexistent.h>
configure:3241: result: g++ -E
configure:3270: g++ -E  conftest.cpp
configure:3276: $? = 0
configure:3307: g++ -E  conftest.cpp
conftest.cpp:10:28: error: ac_nonexistent.h: No such file or directory
configure:3313: $? = 1
configure: failed program was:
| /* confdefs.h.  */
| #define PACKAGE_NAME "rc-unitd"
| #define PACKAGE_TARNAME "rc-unitd"
| #define PACKAGE_VERSION "0.1.0"
| #define PACKAGE_STRING "rc-unitd 0.1.0"
| #define PACKAGE_BUGREPORT "danomatika@gmail.com"
| #define PACKAGE "rc-unitd"
| #define VERSION "0.1.0"
| /* end confdefs.h.  */
| #include <ac_nonexistent.h>
configure:3351: checking for grep that handles long lines and -e
configure:3425: result: /bin/grep
configure:3430: checking for egrep
configure:3508: result: /bin/grep -E
configure:3513: checking for ANSI C header files
configure:3543: g++ -c -g -O2  conftest.cpp >&5
configure:3549: $? = 0
configure:3648: g++ -o conftest -g -O2   conftest.cpp  >&5
configure:3651: $? = 0
configure:3657: ./conftest
configure:3660: $? = 0
configure:3677: result: yes
configure:3701: checking for sys/types.h
configure:3722: g++ -c -g -O2  conftest.cpp >&5
configure:3728: $? = 0
configure:3744: result: yes
configure:3701: checking for sys/stat.h
configure:3722: g++ -c -g -O2  conftest.cpp >&5
configure:3728: $? = 0
configure:3744: result: yes
configure:3701: checking for stdlib.h
configure:3722: g++ -c -g -O2  conftest.cpp >&5
configure:3728: $? = 0
configure:3744: result: yes
configure:3701: checking for string.h
configure:3722: g++ -c -g -O2  conftest.cpp >&5
configure:3728: $? = 0
configure:3744: result: yes
configure:3701: checking for memory.h
configure:3722: g++ -c -g -O2  conftest.cpp >&5
configure:3728: $? = 0
configure:3744: result: yes
configure:3701: checking for strings.h
configure:3722: g++ -c -g -O2  conftest.cpp >&5
configure:3728: $? = 0
configure:3744: result: yes
configure:3701: checking for inttypes.h
configure:3722: g++ -c -g -O2  conftest.cpp >&5
configure:3728: $? = 0
configure:3744: result: yes
configure:3701: checking for stdint.h
configure:3722: g++ -c -g -O2  conftest.cpp >&5
configure:3728: $? = 0
configure:3744: result: yes
configure:3701: checking for unistd.h
configure:3722: g++ -c -g -O2  conftest.cpp >&5
configure:3728: $? = 0
configure:3744: result: yes
configure:3766: checking linux/input.h usability
configure:3783: g++ -c -g -O2  conftest.cpp >&5
configure:3789: $? = 0
configure:3803: result: yes
configure:3807: checking linux/input.h presence
configure:3822: g++ -E  conftest.cpp
configure:3828: $? = 0
configure:3842: result: yes
configure:3875: checking for linux/input.h
configure:3882: result: yes
configure:3905: checking lo/lo.h usability
configure:3922: g++ -c -g -O2  conftest.cpp >&5
configure:3928: $? = 0
configure:3942: result: yes
configure:3946: checking lo/lo.h presence
configure:3961: g++ -E  conftest.cpp
configure:3967: $? = 0
configure:3981: result: yes
configure:4014: checking for lo/lo.h
configure:4021: result: yes
configure:4085: checking for pkg-config
configure:4103: found /usr/bin/pkg-config
configure:4115: result: /usr/bin/pkg-config
configure:4144: checking pkg-config is at least version 0.9.0
configure:4147: result: yes
configure:4158: checking for GLIB2
configure:4166: $PKG_CONFIG --exists --print-errors "glib-2.0 >= 2.14"
configure:4169: $? = 0
configure:4184: $PKG_CONFIG --exists --print-errors "glib-2.0 >= 2.14"
configure:4187: $? = 0
configure:4227: result: yes
configure:4233: checking for DBUS
configure:4241: $PKG_CONFIG --exists --print-errors "dbus-1 >= 0.60"
configure:4244: $? = 0
configure:4259: $PKG_CONFIG --exists --print-errors "dbus-1 >= 0.60"
configure:4262: $? = 0
configure:4302: result: yes
configure:4308: checking for lo_arg_pp in -llo
configure:4343: g++ -o conftest -g -O2   conftest.cpp -llo   >&5
configure:4349: $? = 0
configure:4367: result: yes
configure:4402: checking for cwiid_open in -lcwiid
configure:4437: g++ -o conftest -g -O2   conftest.cpp -lcwiid   >&5
configure:4443: $? = 0
configure:4461: result: yes
configure:4631: creating ./config.status
configure:5867: result:
	rc-unitd 0.1.0 is now configured

	Source directory:     .
	Installation prefix:  /usr/local
	C++ compiler:         g++ -g -O2

	cwiid wiimote support: yes


## ---------------- ##
## Cache variables. ##
## ---------------- ##

ac_cv_cxx_compiler_gnu=yes
ac_cv_env_CCC_set=
ac_cv_env_CCC_value=
ac_cv_env_CPPFLAGS_set=
ac_cv_env_CPPFLAGS_value=
ac_cv_env_CXXCPP_set=
ac_cv_env_CXXCPP_value=
ac_cv_env_CXXFLAGS_set=
ac_cv_env_CXXFLAGS_value=
ac_cv_env_CXX_set=
ac_cv_env_CXX_value=
ac_cv_env_DBUS_CFLAGS_set=
ac_cv_env_DBUS_CFLAGS_value=
ac_cv_env_DBUS_LIBS_set=
ac_cv_env_DBUS_LIBS_value=
ac_cv_env_GLIB2_CFLAGS_set=
ac_cv_env_GLIB2_CFLAGS_value=
ac_cv_env_GLIB2_LIBS_set=
ac_cv_env_GLIB2_LIBS_value=
ac_cv_env_LDFLAGS_set=
ac_cv_env_LDFLAGS_value=
ac_cv_env_LIBS_set=
ac_cv_env_LIBS_value=
ac_cv_env_PKG_CONFIG_set=
ac_cv_env_PKG_CONFIG_value=
ac_cv_env_build_alias_set=
ac_cv_env_build_alias_value=
ac_cv_env_host_alias_set=
ac_cv_env_host_alias_value=
ac_cv_env_target_alias_set=
ac_cv_env_target_alias_value=
ac_cv_header_inttypes_h=yes
ac_cv_header_linux_input_h=yes
ac_cv_header_lo_lo_h=yes
ac_cv_header_memory_h=yes
ac_cv_header_stdc=yes
ac_cv_header_stdint_h=yes
ac_cv_header_stdlib_h=yes
ac_cv_header_string_h=yes
ac_cv_header_strings_h=yes
ac_cv_header_sys_stat_h=yes
ac_cv_header_sys_types_h=yes
ac_cv_header_unistd_h=yes
ac_cv_lib_cwiid_cwiid_open=yes
ac_cv_lib_lo_lo_arg_pp=yes
ac_cv_objext=o
ac_cv_path_EGREP='/bin/grep -E'
ac_cv_path_GREP=/bin/grep
ac_cv_path_ac_pt_PKG_CONFIG=/usr/bin/pkg-config
ac_cv_path_install='/usr/bin/install -c'
ac_cv_path_mkdir=/bin/mkdir
ac_cv_prog_AWK=mawk
ac_cv_prog_CXXCPP='g++ -E'
ac_cv_prog_ac_ct_CXX=g++
ac_cv_prog_ac_ct_RANLIB=ranlib
ac_cv_prog_cxx_g=yes
ac_cv_prog_make_make_set=yes
am_cv_CXX_dependencies_compiler_type=gcc3
pkg_cv_DBUS_CFLAGS='-I/usr/include/dbus-1.0 -I/usr/lib/dbus-1.0/include  '
pkg_cv_DBUS_LIBS='-L//lib -ldbus-1  '
pkg_cv_GLIB2_CFLAGS='-I/usr/include/glib-2.0 -I/usr/lib/glib-2.0/include  '
pkg_cv_GLIB2_LIBS='-lglib-2.0  '

## ----------------- ##
## Output variables. ##
## ----------------- ##

ACLOCAL='${SHELL} /home/dano/src/rc-unitd/config/missing --run aclocal-1.10'
AMDEPBACKSLASH='\'
AMDEP_FALSE='#'
AMDEP_TRUE=''
AMTAR='${SHELL} /home/dano/src/rc-unitd/config/missing --run tar'
AUTOCONF='${SHELL} /home/dano/src/rc-unitd/config/missing --run autoconf'
AUTOHEADER='${SHELL} /home/dano/src/rc-unitd/config/missing --run autoheader'
AUTOMAKE='${SHELL} /home/dano/src/rc-unitd/config/missing --run automake-1.10'
AWK='mawk'
CPPFLAGS=''
CWIID_LIBS='-lcwiid'
CXX='g++'
CXXCPP='g++ -E'
CXXDEPMODE='depmode=gcc3'
CXXFLAGS='-g -O2'
CYGPATH_W='echo'
DBUS_CFLAGS='-I/usr/include/dbus-1.0 -I/usr/lib/dbus-1.0/include  '
DBUS_LIBS='-L//lib -ldbus-1  '
DEFS='-DHAVE_CONFIG_H'
DEPDIR='.deps'
ECHO_C=''
ECHO_N='-n'
ECHO_T=''
EGREP='/bin/grep -E'
ENABLE_CONFIG_FALSE='#'
ENABLE_CONFIG_TRUE=''
ENABLE_CWIID_FALSE='#'
ENABLE_CWIID_TRUE=''
EXEEXT=''
GLIB2_CFLAGS='-I/usr/include/glib-2.0 -I/usr/lib/glib-2.0/include  '
GLIB2_LIBS='-lglib-2.0  '
GREP='/bin/grep'
INSTALL_DATA='${INSTALL} -m 644'
INSTALL_PROGRAM='${INSTALL}'
INSTALL_SCRIPT='${INSTALL}'
INSTALL_STRIP_PROGRAM='$(install_sh) -c -s'
LDFLAGS=''
LIBLO_LIBS='-llo'
LIBOBJS=''
LIBS=''
LTLIBOBJS=''
MAKEINFO='${SHELL} /home/dano/src/rc-unitd/config/missing --run makeinfo'
OBJEXT='o'
PACKAGE='rc-unitd'
PACKAGE_BUGREPORT='danomatika@gmail.com'
PACKAGE_NAME='rc-unitd'
PACKAGE_STRING='rc-unitd 0.1.0'
PACKAGE_TARNAME='rc-unitd'
PACKAGE_VERSION='0.1.0'
PATH_SEPARATOR=':'
PKG_CONFIG='/usr/bin/pkg-config'
RANLIB='ranlib'
SET_MAKE=''
SHELL='/bin/bash'
STRIP=''
VERSION='0.1.0'
ac_ct_CXX='g++'
am__fastdepCXX_FALSE='#'
am__fastdepCXX_TRUE=''
am__include='include'
am__isrc=''
am__leading_dot='.'
am__quote=''
am__tar='${AMTAR} chof - "$$tardir"'
am__untar='${AMTAR} xf -'
bindir='${exec_prefix}/bin'
build_alias=''
datadir='${datarootdir}'
datarootdir='${prefix}/share'
docdir='${datarootdir}/doc/${PACKAGE_TARNAME}'
dvidir='${docdir}'
exec_prefix='${prefix}'
host_alias=''
htmldir='${docdir}'
includedir='${prefix}/include'
infodir='${datarootdir}/info'
install_sh='$(SHELL) /home/dano/src/rc-unitd/config/install-sh'
libdir='${exec_prefix}/lib'
libexecdir='${exec_prefix}/libexec'
localedir='${datarootdir}/locale'
localstatedir='${prefix}/var'
mandir='${datarootdir}/man'
mkdir_p='/bin/mkdir -p'
oldincludedir='/usr/include'
pdfdir='${docdir}'
prefix='/usr/local'
program_transform_name='s,x,x,'
psdir='${docdir}'
sbindir='${exec_prefix}/sbin'
sharedstatedir='${prefix}/com'
sysconfdir='${prefix}/etc'
target_alias=''

## ----------- ##
## confdefs.h. ##
## ----------- ##

#define PACKAGE_NAME "rc-unitd"
#define PACKAGE_TARNAME "rc-unitd"
#define PACKAGE_VERSION "0.1.0"
#define PACKAGE_STRING "rc-unitd 0.1.0"
#define PACKAGE_BUGREPORT "danomatika@gmail.com"
#define PACKAGE "rc-unitd"
#define VERSION "0.1.0"
#define STDC_HEADERS 1
#define HAVE_SYS_TYPES_H 1
#define HAVE_SYS_STAT_H 1
#define HAVE_STDLIB_H 1
#define HAVE_STRING_H 1
#define HAVE_MEMORY_H 1
#define HAVE_STRINGS_H 1
#define HAVE_INTTYPES_H 1
#define HAVE_STDINT_H 1
#define HAVE_UNISTD_H 1
#define HAVE_CWIID 1

configure: exit 0

## ---------------------- ##
## Running config.status. ##
## ---------------------- ##

This file was extended by rc-unitd config.status 0.1.0, which was
generated by GNU Autoconf 2.61.  Invocation command line was

  CONFIG_FILES    = 
  CONFIG_HEADERS  = 
  CONFIG_LINKS    = 
  CONFIG_COMMANDS = 
  $ ./config.status 

on danomatika

config.status:652: creating Makefile
config.status:652: creating src/Makefile
config.status:652: creating src/lib/Makefile
config.status:652: creating src/lsjs/Makefile
config.status:652: creating src/rc-unitd/Makefile
config.status:652: creating src/rc-unit-notifier/Makefile
config.status:652: creating src/config.h
config.status:926: executing depfiles commands

## ---------------------- ##
## Running config.status. ##
## ---------------------- ##

This file was extended by rc-unitd config.status 0.1.0, which was
generated by GNU Autoconf 2.61.  Invocation command line was

  CONFIG_FILES    = 
  CONFIG_HEADERS  = 
  CONFIG_LINKS    = 
  CONFIG_COMMANDS = 
  $ ./config.status src/config.h

on danomatika

config.status:652: creating src/config.h

## ---------------------- ##
## Running config.status. ##
## ---------------------- ##

This file was extended by rc-unitd config.status 0.1.0, which was
generated by GNU Autoconf 2.61.  Invocation command line was

  CONFIG_FILES    = 
  CONFIG_HEADERS  = 
  CONFIG_LINKS    = 
  CONFIG_COMMANDS = 
  $ ./config.status Makefile

on danomatika

config.status:652: creating Makefile

## ---------------------- ##
## Running config.status. ##
## ---------------------- ##

This file was extended by rc-unitd config.status 0.1.0, which was
generated by GNU Autoconf 2.61.  Invocation command line was

  CONFIG_FILES    = 
  CONFIG_HEADERS  = 
  CONFIG_LINKS    = 
  CONFIG_COMMANDS = 
  $ ./config.status Makefile

on danomatika

config.status:652: creating Makefile
